[2022-11-09 10:19:12] local.ERROR: SQLSTATE[HY000] [1045] Access denied for user 'test'@'localhost' (using password: YES) (SQL: select * from `settings` where `created_by` = 1) {"exception":"[object] (Illuminate\\Database\\QueryException(code: 1045): SQLSTATE[HY000] [1045] Access denied for user 'test'@'localhost' (using password: YES) (SQL: select * from `settings` where `created_by` = 1) at /var/www/html/product/hrmgo/main/non-saas/main_file/vendor/laravel/framework/src/Illuminate/Database/Connection.php:692)
[stacktrace]
#0 /var/www/html/product/hrmgo/main/non-saas/main_file/vendor/laravel/framework/src/Illuminate/Database/Connection.php(652): Illuminate\\Database\\Connection->runQueryCallback()
#1 /var/www/html/product/hrmgo/main/non-saas/main_file/vendor/laravel/framework/src/Illuminate/Database/Connection.php(360): Illuminate\\Database\\Connection->run()
#2 /var/www/html/product/hrmgo/main/non-saas/main_file/vendor/laravel/framework/src/Illuminate/Database/Query/Builder.php(2350): Illuminate\\Database\\Connection->select()
#3 /var/www/html/product/hrmgo/main/non-saas/main_file/vendor/laravel/framework/src/Illuminate/Database/Query/Builder.php(2338): Illuminate\\Database\\Query\\Builder->runSelect()
#4 /var/www/html/product/hrmgo/main/non-saas/main_file/vendor/laravel/framework/src/Illuminate/Database/Query/Builder.php(2872): Illuminate\\Database\\Query\\Builder->Illuminate\\Database\\Query\\{closure}()
#5 /var/www/html/product/hrmgo/main/non-saas/main_file/vendor/laravel/framework/src/Illuminate/Database/Query/Builder.php(2339): Illuminate\\Database\\Query\\Builder->onceWithColumns()
#6 /var/www/html/product/hrmgo/main/non-saas/main_file/app/Models/Utility.php(27): Illuminate\\Database\\Query\\Builder->get()
#7 /var/www/html/product/hrmgo/main/non-saas/main_file/app/Models/Utility.php(132): App\\Models\\Utility::settings()
#8 /var/www/html/product/hrmgo/main/non-saas/main_file/app/Http/Controllers/Auth/AuthenticatedSessionController.php(82): App\\Models\\Utility::getValByName()
#9 /var/www/html/product/hrmgo/main/non-saas/main_file/vendor/laravel/framework/src/Illuminate/Routing/Controller.php(54): App\\Http\\Controllers\\Auth\\AuthenticatedSessionController->showLoginForm()
#10 /var/www/html/product/hrmgo/main/non-saas/main_file/vendor/laravel/framework/src/Illuminate/Routing/ControllerDispatcher.php(45): Illuminate\\Routing\\Controller->callAction()
#11 /var/www/html/product/hrmgo/main/non-saas/main_file/vendor/laravel/framework/src/Illuminate/Routing/Route.php(261): Illuminate\\Routing\\ControllerDispatcher->dispatch()
#12 /var/www/html/product/hrmgo/main/non-saas/main_file/vendor/laravel/framework/src/Illuminate/Routing/Route.php(204): Illuminate\\Routing\\Route->runController()
#13 /var/www/html/product/hrmgo/main/non-saas/main_file/vendor/laravel/framework/src/Illuminate/Routing/Router.php(695): Illuminate\\Routing\\Route->run()
#14 /var/www/html/product/hrmgo/main/non-saas/main_file/vendor/laravel/framework/src/Illuminate/Pipeline/Pipeline.php(128): Illuminate\\Routing\\Router->Illuminate\\Routing\\{closure}()
#15 /var/www/html/product/hrmgo/main/non-saas/main_file/app/Http/Middleware/RedirectIfAuthenticated.php(30): Illuminate\\Pipeline\\Pipeline->Illuminate\\Pipeline\\{closure}()
#16 /var/www/html/product/hrmgo/main/non-saas/main_file/vendor/laravel/framework/src/Illuminate/Pipeline/Pipeline.php(167): App\\Http\\Middleware\\RedirectIfAuthenticated->handle()
#17 /var/www/html/product/hrmgo/main/non-saas/main_file/vendor/laravel/framework/src/Illuminate/Routing/Middleware/SubstituteBindings.php(50): Illuminate\\Pipeline\\Pipeline->Illuminate\\Pipeline\\{closure}()
#18 /var/www/html/product/hrmgo/main/non-saas/main_file/vendor/laravel/framework/src/Illuminate/Pipeline/Pipeline.php(167): Illuminate\\Routing\\Middleware\\SubstituteBindings->handle()
#19 /var/www/html/product/hrmgo/main/non-saas/main_file/vendor/laravel/framework/src/Illuminate/Foundation/Http/Middleware/VerifyCsrfToken.php(78): Illuminate\\Pipeline\\Pipeline->Illuminate\\Pipeline\\{closure}()
#20 /var/www/html/product/hrmgo/main/non-saas/main_file/vendor/laravel/framework/src/Illuminate/Pipeline/Pipeline.php(167): Illuminate\\Foundation\\Http\\Middleware\\VerifyCsrfToken->handle()
#21 /var/www/html/product/hrmgo/main/non-saas/main_file/vendor/laravel/framework/src/Illuminate/View/Middleware/ShareErrorsFromSession.php(49): Illuminate\\Pipeline\\Pipeline->Illuminate\\Pipeline\\{closure}()
#22 /var/www/html/product/hrmgo/main/non-saas/main_file/vendor/laravel/framework/src/Illuminate/Pipeline/Pipeline.php(167): Illuminate\\View\\Middleware\\ShareErrorsFromSession->handle()
#23 /var/www/html/product/hrmgo/main/non-saas/main_file/vendor/laravel/framework/src/Illuminate/Session/Middleware/StartSession.php(121): Illuminate\\Pipeline\\Pipeline->Illuminate\\Pipeline\\{closure}()
#24 /var/www/html/product/hrmgo/main/non-saas/main_file/vendor/laravel/framework/src/Illuminate/Session/Middleware/StartSession.php(64): Illuminate\\Session\\Middleware\\StartSession->handleStatefulRequest()
#25 /var/www/html/product/hrmgo/main/non-saas/main_file/vendor/laravel/framework/src/Illuminate/Pipeline/Pipeline.php(167): Illuminate\\Session\\Middleware\\StartSession->handle()
#26 /var/www/html/product/hrmgo/main/non-saas/main_file/vendor/laravel/framework/src/Illuminate/Cookie/Middleware/AddQueuedCookiesToResponse.php(37): Illuminate\\Pipeline\\Pipeline->Illuminate\\Pipeline\\{closure}()
#27 /var/www/html/product/hrmgo/main/non-saas/main_file/vendor/laravel/framework/src/Illuminate/Pipeline/Pipeline.php(167): Illuminate\\Cookie\\Middleware\\AddQueuedCookiesToResponse->handle()
#28 /var/www/html/product/hrmgo/main/non-saas/main_file/vendor/laravel/framework/src/Illuminate/Cookie/Middleware/EncryptCookies.php(67): Illuminate\\Pipeline\\Pipeline->Illuminate\\Pipeline\\{closure}()
#29 /var/www/html/product/hrmgo/main/non-saas/main_file/vendor/laravel/framework/src/Illuminate/Pipeline/Pipeline.php(167): Illuminate\\Cookie\\Middleware\\EncryptCookies->handle()
#30 /var/www/html/product/hrmgo/main/non-saas/main_file/vendor/laravel/framework/src/Illuminate/Pipeline/Pipeline.php(103): Illuminate\\Pipeline\\Pipeline->Illuminate\\Pipeline\\{closure}()
#31 /var/www/html/product/hrmgo/main/non-saas/main_file/vendor/laravel/framework/src/Illuminate/Routing/Router.php(697): Illuminate\\Pipeline\\Pipeline->then()
#32 /var/www/html/product/hrmgo/main/non-saas/main_file/vendor/laravel/framework/src/Illuminate/Routing/Router.php(672): Illuminate\\Routing\\Router->runRouteWithinStack()
#33 /var/www/html/product/hrmgo/main/non-saas/main_file/vendor/laravel/framework/src/Illuminate/Routing/Router.php(636): Illuminate\\Routing\\Router->runRoute()
#34 /var/www/html/product/hrmgo/main/non-saas/main_file/vendor/laravel/framework/src/Illuminate/Routing/Router.php(625): Illuminate\\Routing\\Router->dispatchToRoute()
#35 /var/www/html/product/hrmgo/main/non-saas/main_file/vendor/laravel/framework/src/Illuminate/Foundation/Http/Kernel.php(166): Illuminate\\Routing\\Router->dispatch()
#36 /var/www/html/product/hrmgo/main/non-saas/main_file/vendor/laravel/framework/src/Illuminate/Pipeline/Pipeline.php(128): Illuminate\\Foundation\\Http\\Kernel->Illuminate\\Foundation\\Http\\{closure}()
#37 /var/www/html/product/hrmgo/main/non-saas/main_file/vendor/laravel/framework/src/Illuminate/Foundation/Http/Middleware/TransformsRequest.php(21): Illuminate\\Pipeline\\Pipeline->Illuminate\\Pipeline\\{closure}()
#38 /var/www/html/product/hrmgo/main/non-saas/main_file/vendor/laravel/framework/src/Illuminate/Foundation/Http/Middleware/ConvertEmptyStringsToNull.php(31): Illuminate\\Foundation\\Http\\Middleware\\TransformsRequest->handle()
#39 /var/www/html/product/hrmgo/main/non-saas/main_file/vendor/laravel/framework/src/Illuminate/Pipeline/Pipeline.php(167): Illuminate\\Foundation\\Http\\Middleware\\ConvertEmptyStringsToNull->handle()
#40 /var/www/html/product/hrmgo/main/non-saas/main_file/vendor/laravel/framework/src/Illuminate/Foundation/Http/Middleware/TransformsRequest.php(21): Illuminate\\Pipeline\\Pipeline->Illuminate\\Pipeline\\{closure}()
#41 /var/www/html/product/hrmgo/main/non-saas/main_file/vendor/laravel/framework/src/Illuminate/Foundation/Http/Middleware/TrimStrings.php(40): Illuminate\\Foundation\\Http\\Middleware\\TransformsRequest->handle()
#42 /var/www/html/product/hrmgo/main/non-saas/main_file/vendor/laravel/framework/src/Illuminate/Pipeline/Pipeline.php(167): Illuminate\\Foundation\\Http\\Middleware\\TrimStrings->handle()
#43 /var/www/html/product/hrmgo/main/non-saas/main_file/vendor/laravel/framework/src/Illuminate/Foundation/Http/Middleware/ValidatePostSize.php(27): Illuminate\\Pipeline\\Pipeline->Illuminate\\Pipeline\\{closure}()
#44 /var/www/html/product/hrmgo/main/non-saas/main_file/vendor/laravel/framework/src/Illuminate/Pipeline/Pipeline.php(167): Illuminate\\Foundation\\Http\\Middleware\\ValidatePostSize->handle()
#45 /var/www/html/product/hrmgo/main/non-saas/main_file/vendor/laravel/framework/src/Illuminate/Foundation/Http/Middleware/PreventRequestsDuringMaintenance.php(86): Illuminate\\Pipeline\\Pipeline->Illuminate\\Pipeline\\{closure}()
#46 /var/www/html/product/hrmgo/main/non-saas/main_file/vendor/laravel/framework/src/Illuminate/Pipeline/Pipeline.php(167): Illuminate\\Foundation\\Http\\Middleware\\PreventRequestsDuringMaintenance->handle()
#47 /var/www/html/product/hrmgo/main/non-saas/main_file/vendor/fruitcake/laravel-cors/src/HandleCors.php(38): Illuminate\\Pipeline\\Pipeline->Illuminate\\Pipeline\\{closure}()
#48 /var/www/html/product/hrmgo/main/non-saas/main_file/vendor/laravel/framework/src/Illuminate/Pipeline/Pipeline.php(167): Fruitcake\\Cors\\HandleCors->handle()
#49 /var/www/html/product/hrmgo/main/non-saas/main_file/vendor/laravel/framework/src/Illuminate/Http/Middleware/TrustProxies.php(39): Illuminate\\Pipeline\\Pipeline->Illuminate\\Pipeline\\{closure}()
#50 /var/www/html/product/hrmgo/main/non-saas/main_file/vendor/laravel/framework/src/Illuminate/Pipeline/Pipeline.php(167): Illuminate\\Http\\Middleware\\TrustProxies->handle()
#51 /var/www/html/product/hrmgo/main/non-saas/main_file/vendor/laravel/framework/src/Illuminate/Pipeline/Pipeline.php(103): Illuminate\\Pipeline\\Pipeline->Illuminate\\Pipeline\\{closure}()
#52 /var/www/html/product/hrmgo/main/non-saas/main_file/vendor/laravel/framework/src/Illuminate/Foundation/Http/Kernel.php(141): Illuminate\\Pipeline\\Pipeline->then()
#53 /var/www/html/product/hrmgo/main/non-saas/main_file/vendor/laravel/framework/src/Illuminate/Foundation/Http/Kernel.php(110): Illuminate\\Foundation\\Http\\Kernel->sendRequestThroughRouter()
#54 /var/www/html/product/hrmgo/main/non-saas/main_file/public/index.php(52): Illuminate\\Foundation\\Http\\Kernel->handle()
#55 /var/www/html/product/hrmgo/main/non-saas/main_file/index.php(21): require_once('/var/www/html/p...')
#56 {main}

[previous exception] [object] (Doctrine\\DBAL\\Driver\\PDO\\Exception(code: 1045): SQLSTATE[HY000] [1045] Access denied for user 'test'@'localhost' (using password: YES) at /var/www/html/product/hrmgo/main/non-saas/main_file/vendor/doctrine/dbal/lib/Doctrine/DBAL/Driver/PDO/Exception.php:18)
[stacktrace]
#0 /var/www/html/product/hrmgo/main/non-saas/main_file/vendor/doctrine/dbal/lib/Doctrine/DBAL/Driver/PDOConnection.php(43): Doctrine\\DBAL\\Driver\\PDO\\Exception::new()
#1 /var/www/html/product/hrmgo/main/non-saas/main_file/vendor/laravel/framework/src/Illuminate/Database/Connectors/Connector.php(67): Doctrine\\DBAL\\Driver\\PDOConnection->__construct()
#2 /var/www/html/product/hrmgo/main/non-saas/main_file/vendor/laravel/framework/src/Illuminate/Database/Connectors/Connector.php(46): Illuminate\\Database\\Connectors\\Connector->createPdoConnection()
#3 /var/www/html/product/hrmgo/main/non-saas/main_file/vendor/laravel/framework/src/Illuminate/Database/Connectors/MySqlConnector.php(24): Illuminate\\Database\\Connectors\\Connector->createConnection()
#4 /var/www/html/product/hrmgo/main/non-saas/main_file/vendor/laravel/framework/src/Illuminate/Database/Connectors/ConnectionFactory.php(184): Illuminate\\Database\\Connectors\\MySqlConnector->connect()
#5 [internal function]: Illuminate\\Database\\Connectors\\ConnectionFactory->Illuminate\\Database\\Connectors\\{closure}()
#6 /var/www/html/product/hrmgo/main/non-saas/main_file/vendor/laravel/framework/src/Illuminate/Database/Connection.php(997): call_user_func()
#7 /var/www/html/product/hrmgo/main/non-saas/main_file/vendor/laravel/framework/src/Illuminate/Database/Connection.php(1033): Illuminate\\Database\\Connection->getPdo()
#8 /var/www/html/product/hrmgo/main/non-saas/main_file/vendor/laravel/framework/src/Illuminate/Database/Connection.php(426): Illuminate\\Database\\Connection->getReadPdo()
#9 /var/www/html/product/hrmgo/main/non-saas/main_file/vendor/laravel/framework/src/Illuminate/Database/Connection.php(352): Illuminate\\Database\\Connection->getPdoForSelect()
#10 /var/www/html/product/hrmgo/main/non-saas/main_file/vendor/laravel/framework/src/Illuminate/Database/Connection.php(685): Illuminate\\Database\\Connection->Illuminate\\Database\\{closure}()
#11 /var/www/html/product/hrmgo/main/non-saas/main_file/vendor/laravel/framework/src/Illuminate/Database/Connection.php(652): Illuminate\\Database\\Connection->runQueryCallback()
#12 /var/www/html/product/hrmgo/main/non-saas/main_file/vendor/laravel/framework/src/Illuminate/Database/Connection.php(360): Illuminate\\Database\\Connection->run()
#13 /var/www/html/product/hrmgo/main/non-saas/main_file/vendor/laravel/framework/src/Illuminate/Database/Query/Builder.php(2350): Illuminate\\Database\\Connection->select()
#14 /var/www/html/product/hrmgo/main/non-saas/main_file/vendor/laravel/framework/src/Illuminate/Database/Query/Builder.php(2338): Illuminate\\Database\\Query\\Builder->runSelect()
#15 /var/www/html/product/hrmgo/main/non-saas/main_file/vendor/laravel/framework/src/Illuminate/Database/Query/Builder.php(2872): Illuminate\\Database\\Query\\Builder->Illuminate\\Database\\Query\\{closure}()
#16 /var/www/html/product/hrmgo/main/non-saas/main_file/vendor/laravel/framework/src/Illuminate/Database/Query/Builder.php(2339): Illuminate\\Database\\Query\\Builder->onceWithColumns()
#17 /var/www/html/product/hrmgo/main/non-saas/main_file/app/Models/Utility.php(27): Illuminate\\Database\\Query\\Builder->get()
#18 /var/www/html/product/hrmgo/main/non-saas/main_file/app/Models/Utility.php(132): App\\Models\\Utility::settings()
#19 /var/www/html/product/hrmgo/main/non-saas/main_file/app/Http/Controllers/Auth/AuthenticatedSessionController.php(82): App\\Models\\Utility::getValByName()
#20 /var/www/html/product/hrmgo/main/non-saas/main_file/vendor/laravel/framework/src/Illuminate/Routing/Controller.php(54): App\\Http\\Controllers\\Auth\\AuthenticatedSessionController->showLoginForm()
#21 /var/www/html/product/hrmgo/main/non-saas/main_file/vendor/laravel/framework/src/Illuminate/Routing/ControllerDispatcher.php(45): Illuminate\\Routing\\Controller->callAction()
#22 /var/www/html/product/hrmgo/main/non-saas/main_file/vendor/laravel/framework/src/Illuminate/Routing/Route.php(261): Illuminate\\Routing\\ControllerDispatcher->dispatch()
#23 /var/www/html/product/hrmgo/main/non-saas/main_file/vendor/laravel/framework/src/Illuminate/Routing/Route.php(204): Illuminate\\Routing\\Route->runController()
#24 /var/www/html/product/hrmgo/main/non-saas/main_file/vendor/laravel/framework/src/Illuminate/Routing/Router.php(695): Illuminate\\Routing\\Route->run()
#25 /var/www/html/product/hrmgo/main/non-saas/main_file/vendor/laravel/framework/src/Illuminate/Pipeline/Pipeline.php(128): Illuminate\\Routing\\Router->Illuminate\\Routing\\{closure}()
#26 /var/www/html/product/hrmgo/main/non-saas/main_file/app/Http/Middleware/RedirectIfAuthenticated.php(30): Illuminate\\Pipeline\\Pipeline->Illuminate\\Pipeline\\{closure}()
#27 /var/www/html/product/hrmgo/main/non-saas/main_file/vendor/laravel/framework/src/Illuminate/Pipeline/Pipeline.php(167): App\\Http\\Middleware\\RedirectIfAuthenticated->handle()
#28 /var/www/html/product/hrmgo/main/non-saas/main_file/vendor/laravel/framework/src/Illuminate/Routing/Middleware/SubstituteBindings.php(50): Illuminate\\Pipeline\\Pipeline->Illuminate\\Pipeline\\{closure}()
#29 /var/www/html/product/hrmgo/main/non-saas/main_file/vendor/laravel/framework/src/Illuminate/Pipeline/Pipeline.php(167): Illuminate\\Routing\\Middleware\\SubstituteBindings->handle()
#30 /var/www/html/product/hrmgo/main/non-saas/main_file/vendor/laravel/framework/src/Illuminate/Foundation/Http/Middleware/VerifyCsrfToken.php(78): Illuminate\\Pipeline\\Pipeline->Illuminate\\Pipeline\\{closure}()
#31 /var/www/html/product/hrmgo/main/non-saas/main_file/vendor/laravel/framework/src/Illuminate/Pipeline/Pipeline.php(167): Illuminate\\Foundation\\Http\\Middleware\\VerifyCsrfToken->handle()
#32 /var/www/html/product/hrmgo/main/non-saas/main_file/vendor/laravel/framework/src/Illuminate/View/Middleware/ShareErrorsFromSession.php(49): Illuminate\\Pipeline\\Pipeline->Illuminate\\Pipeline\\{closure}()
#33 /var/www/html/product/hrmgo/main/non-saas/main_file/vendor/laravel/framework/src/Illuminate/Pipeline/Pipeline.php(167): Illuminate\\View\\Middleware\\ShareErrorsFromSession->handle()
#34 /var/www/html/product/hrmgo/main/non-saas/main_file/vendor/laravel/framework/src/Illuminate/Session/Middleware/StartSession.php(121): Illuminate\\Pipeline\\Pipeline->Illuminate\\Pipeline\\{closure}()
#35 /var/www/html/product/hrmgo/main/non-saas/main_file/vendor/laravel/framework/src/Illuminate/Session/Middleware/StartSession.php(64): Illuminate\\Session\\Middleware\\StartSession->handleStatefulRequest()
#36 /var/www/html/product/hrmgo/main/non-saas/main_file/vendor/laravel/framework/src/Illuminate/Pipeline/Pipeline.php(167): Illuminate\\Session\\Middleware\\StartSession->handle()
#37 /var/www/html/product/hrmgo/main/non-saas/main_file/vendor/laravel/framework/src/Illuminate/Cookie/Middleware/AddQueuedCookiesToResponse.php(37): Illuminate\\Pipeline\\Pipeline->Illuminate\\Pipeline\\{closure}()
#38 /var/www/html/product/hrmgo/main/non-saas/main_file/vendor/laravel/framework/src/Illuminate/Pipeline/Pipeline.php(167): Illuminate\\Cookie\\Middleware\\AddQueuedCookiesToResponse->handle()
#39 /var/www/html/product/hrmgo/main/non-saas/main_file/vendor/laravel/framework/src/Illuminate/Cookie/Middleware/EncryptCookies.php(67): Illuminate\\Pipeline\\Pipeline->Illuminate\\Pipeline\\{closure}()
#40 /var/www/html/product/hrmgo/main/non-saas/main_file/vendor/laravel/framework/src/Illuminate/Pipeline/Pipeline.php(167): Illuminate\\Cookie\\Middleware\\EncryptCookies->handle()
#41 /var/www/html/product/hrmgo/main/non-saas/main_file/vendor/laravel/framework/src/Illuminate/Pipeline/Pipeline.php(103): Illuminate\\Pipeline\\Pipeline->Illuminate\\Pipeline\\{closure}()
#42 /var/www/html/product/hrmgo/main/non-saas/main_file/vendor/laravel/framework/src/Illuminate/Routing/Router.php(697): Illuminate\\Pipeline\\Pipeline->then()
#43 /var/www/html/product/hrmgo/main/non-saas/main_file/vendor/laravel/framework/src/Illuminate/Routing/Router.php(672): Illuminate\\Routing\\Router->runRouteWithinStack()
#44 /var/www/html/product/hrmgo/main/non-saas/main_file/vendor/laravel/framework/src/Illuminate/Routing/Router.php(636): Illuminate\\Routing\\Router->runRoute()
#45 /var/www/html/product/hrmgo/main/non-saas/main_file/vendor/laravel/framework/src/Illuminate/Routing/Router.php(625): Illuminate\\Routing\\Router->dispatchToRoute()
#46 /var/www/html/product/hrmgo/main/non-saas/main_file/vendor/laravel/framework/src/Illuminate/Foundation/Http/Kernel.php(166): Illuminate\\Routing\\Router->dispatch()
#47 /var/www/html/product/hrmgo/main/non-saas/main_file/vendor/laravel/framework/src/Illuminate/Pipeline/Pipeline.php(128): Illuminate\\Foundation\\Http\\Kernel->Illuminate\\Foundation\\Http\\{closure}()
#48 /var/www/html/product/hrmgo/main/non-saas/main_file/vendor/laravel/framework/src/Illuminate/Foundation/Http/Middleware/TransformsRequest.php(21): Illuminate\\Pipeline\\Pipeline->Illuminate\\Pipeline\\{closure}()
#49 /var/www/html/product/hrmgo/main/non-saas/main_file/vendor/laravel/framework/src/Illuminate/Foundation/Http/Middleware/ConvertEmptyStringsToNull.php(31): Illuminate\\Foundation\\Http\\Middleware\\TransformsRequest->handle()
#50 /var/www/html/product/hrmgo/main/non-saas/main_file/vendor/laravel/framework/src/Illuminate/Pipeline/Pipeline.php(167): Illuminate\\Foundation\\Http\\Middleware\\ConvertEmptyStringsToNull->handle()
#51 /var/www/html/product/hrmgo/main/non-saas/main_file/vendor/laravel/framework/src/Illuminate/Foundation/Http/Middleware/TransformsRequest.php(21): Illuminate\\Pipeline\\Pipeline->Illuminate\\Pipeline\\{closure}()
#52 /var/www/html/product/hrmgo/main/non-saas/main_file/vendor/laravel/framework/src/Illuminate/Foundation/Http/Middleware/TrimStrings.php(40): Illuminate\\Foundation\\Http\\Middleware\\TransformsRequest->handle()
#53 /var/www/html/product/hrmgo/main/non-saas/main_file/vendor/laravel/framework/src/Illuminate/Pipeline/Pipeline.php(167): Illuminate\\Foundation\\Http\\Middleware\\TrimStrings->handle()
#54 /var/www/html/product/hrmgo/main/non-saas/main_file/vendor/laravel/framework/src/Illuminate/Foundation/Http/Middleware/ValidatePostSize.php(27): Illuminate\\Pipeline\\Pipeline->Illuminate\\Pipeline\\{closure}()
#55 /var/www/html/product/hrmgo/main/non-saas/main_file/vendor/laravel/framework/src/Illuminate/Pipeline/Pipeline.php(167): Illuminate\\Foundation\\Http\\Middleware\\ValidatePostSize->handle()
#56 /var/www/html/product/hrmgo/main/non-saas/main_file/vendor/laravel/framework/src/Illuminate/Foundation/Http/Middleware/PreventRequestsDuringMaintenance.php(86): Illuminate\\Pipeline\\Pipeline->Illuminate\\Pipeline\\{closure}()
#57 /var/www/html/product/hrmgo/main/non-saas/main_file/vendor/laravel/framework/src/Illuminate/Pipeline/Pipeline.php(167): Illuminate\\Foundation\\Http\\Middleware\\PreventRequestsDuringMaintenance->handle()
#58 /var/www/html/product/hrmgo/main/non-saas/main_file/vendor/fruitcake/laravel-cors/src/HandleCors.php(38): Illuminate\\Pipeline\\Pipeline->Illuminate\\Pipeline\\{closure}()
#59 /var/www/html/product/hrmgo/main/non-saas/main_file/vendor/laravel/framework/src/Illuminate/Pipeline/Pipeline.php(167): Fruitcake\\Cors\\HandleCors->handle()
#60 /var/www/html/product/hrmgo/main/non-saas/main_file/vendor/laravel/framework/src/Illuminate/Http/Middleware/TrustProxies.php(39): Illuminate\\Pipeline\\Pipeline->Illuminate\\Pipeline\\{closure}()
#61 /var/www/html/product/hrmgo/main/non-saas/main_file/vendor/laravel/framework/src/Illuminate/Pipeline/Pipeline.php(167): Illuminate\\Http\\Middleware\\TrustProxies->handle()
#62 /var/www/html/product/hrmgo/main/non-saas/main_file/vendor/laravel/framework/src/Illuminate/Pipeline/Pipeline.php(103): Illuminate\\Pipeline\\Pipeline->Illuminate\\Pipeline\\{closure}()
#63 /var/www/html/product/hrmgo/main/non-saas/main_file/vendor/laravel/framework/src/Illuminate/Foundation/Http/Kernel.php(141): Illuminate\\Pipeline\\Pipeline->then()
#64 /var/www/html/product/hrmgo/main/non-saas/main_file/vendor/laravel/framework/src/Illuminate/Foundation/Http/Kernel.php(110): Illuminate\\Foundation\\Http\\Kernel->sendRequestThroughRouter()
#65 /var/www/html/product/hrmgo/main/non-saas/main_file/public/index.php(52): Illuminate\\Foundation\\Http\\Kernel->handle()
#66 /var/www/html/product/hrmgo/main/non-saas/main_file/index.php(21): require_once('/var/www/html/p...')
#67 {main}

[previous exception] [object] (PDOException(code: 1045): SQLSTATE[HY000] [1045] Access denied for user 'test'@'localhost' (using password: YES) at /var/www/html/product/hrmgo/main/non-saas/main_file/vendor/doctrine/dbal/lib/Doctrine/DBAL/Driver/PDOConnection.php:39)
[stacktrace]
#0 /var/www/html/product/hrmgo/main/non-saas/main_file/vendor/doctrine/dbal/lib/Doctrine/DBAL/Driver/PDOConnection.php(39): PDO->__construct()
#1 /var/www/html/product/hrmgo/main/non-saas/main_file/vendor/laravel/framework/src/Illuminate/Database/Connectors/Connector.php(67): Doctrine\\DBAL\\Driver\\PDOConnection->__construct()
#2 /var/www/html/product/hrmgo/main/non-saas/main_file/vendor/laravel/framework/src/Illuminate/Database/Connectors/Connector.php(46): Illuminate\\Database\\Connectors\\Connector->createPdoConnection()
#3 /var/www/html/product/hrmgo/main/non-saas/main_file/vendor/laravel/framework/src/Illuminate/Database/Connectors/MySqlConnector.php(24): Illuminate\\Database\\Connectors\\Connector->createConnection()
#4 /var/www/html/product/hrmgo/main/non-saas/main_file/vendor/laravel/framework/src/Illuminate/Database/Connectors/ConnectionFactory.php(184): Illuminate\\Database\\Connectors\\MySqlConnector->connect()
#5 [internal function]: Illuminate\\Database\\Connectors\\ConnectionFactory->Illuminate\\Database\\Connectors\\{closure}()
#6 /var/www/html/product/hrmgo/main/non-saas/main_file/vendor/laravel/framework/src/Illuminate/Database/Connection.php(997): call_user_func()
#7 /var/www/html/product/hrmgo/main/non-saas/main_file/vendor/laravel/framework/src/Illuminate/Database/Connection.php(1033): Illuminate\\Database\\Connection->getPdo()
#8 /var/www/html/product/hrmgo/main/non-saas/main_file/vendor/laravel/framework/src/Illuminate/Database/Connection.php(426): Illuminate\\Database\\Connection->getReadPdo()
#9 /var/www/html/product/hrmgo/main/non-saas/main_file/vendor/laravel/framework/src/Illuminate/Database/Connection.php(352): Illuminate\\Database\\Connection->getPdoForSelect()
#10 /var/www/html/product/hrmgo/main/non-saas/main_file/vendor/laravel/framework/src/Illuminate/Database/Connection.php(685): Illuminate\\Database\\Connection->Illuminate\\Database\\{closure}()
#11 /var/www/html/product/hrmgo/main/non-saas/main_file/vendor/laravel/framework/src/Illuminate/Database/Connection.php(652): Illuminate\\Database\\Connection->runQueryCallback()
#12 /var/www/html/product/hrmgo/main/non-saas/main_file/vendor/laravel/framework/src/Illuminate/Database/Connection.php(360): Illuminate\\Database\\Connection->run()
#13 /var/www/html/product/hrmgo/main/non-saas/main_file/vendor/laravel/framework/src/Illuminate/Database/Query/Builder.php(2350): Illuminate\\Database\\Connection->select()
#14 /var/www/html/product/hrmgo/main/non-saas/main_file/vendor/laravel/framework/src/Illuminate/Database/Query/Builder.php(2338): Illuminate\\Database\\Query\\Builder->runSelect()
#15 /var/www/html/product/hrmgo/main/non-saas/main_file/vendor/laravel/framework/src/Illuminate/Database/Query/Builder.php(2872): Illuminate\\Database\\Query\\Builder->Illuminate\\Database\\Query\\{closure}()
#16 /var/www/html/product/hrmgo/main/non-saas/main_file/vendor/laravel/framework/src/Illuminate/Database/Query/Builder.php(2339): Illuminate\\Database\\Query\\Builder->onceWithColumns()
#17 /var/www/html/product/hrmgo/main/non-saas/main_file/app/Models/Utility.php(27): Illuminate\\Database\\Query\\Builder->get()
#18 /var/www/html/product/hrmgo/main/non-saas/main_file/app/Models/Utility.php(132): App\\Models\\Utility::settings()
#19 /var/www/html/product/hrmgo/main/non-saas/main_file/app/Http/Controllers/Auth/AuthenticatedSessionController.php(82): App\\Models\\Utility::getValByName()
#20 /var/www/html/product/hrmgo/main/non-saas/main_file/vendor/laravel/framework/src/Illuminate/Routing/Controller.php(54): App\\Http\\Controllers\\Auth\\AuthenticatedSessionController->showLoginForm()
#21 /var/www/html/product/hrmgo/main/non-saas/main_file/vendor/laravel/framework/src/Illuminate/Routing/ControllerDispatcher.php(45): Illuminate\\Routing\\Controller->callAction()
#22 /var/www/html/product/hrmgo/main/non-saas/main_file/vendor/laravel/framework/src/Illuminate/Routing/Route.php(261): Illuminate\\Routing\\ControllerDispatcher->dispatch()
#23 /var/www/html/product/hrmgo/main/non-saas/main_file/vendor/laravel/framework/src/Illuminate/Routing/Route.php(204): Illuminate\\Routing\\Route->runController()
#24 /var/www/html/product/hrmgo/main/non-saas/main_file/vendor/laravel/framework/src/Illuminate/Routing/Router.php(695): Illuminate\\Routing\\Route->run()
#25 /var/www/html/product/hrmgo/main/non-saas/main_file/vendor/laravel/framework/src/Illuminate/Pipeline/Pipeline.php(128): Illuminate\\Routing\\Router->Illuminate\\Routing\\{closure}()
#26 /var/www/html/product/hrmgo/main/non-saas/main_file/app/Http/Middleware/RedirectIfAuthenticated.php(30): Illuminate\\Pipeline\\Pipeline->Illuminate\\Pipeline\\{closure}()
#27 /var/www/html/product/hrmgo/main/non-saas/main_file/vendor/laravel/framework/src/Illuminate/Pipeline/Pipeline.php(167): App\\Http\\Middleware\\RedirectIfAuthenticated->handle()
#28 /var/www/html/product/hrmgo/main/non-saas/main_file/vendor/laravel/framework/src/Illuminate/Routing/Middleware/SubstituteBindings.php(50): Illuminate\\Pipeline\\Pipeline->Illuminate\\Pipeline\\{closure}()
#29 /var/www/html/product/hrmgo/main/non-saas/main_file/vendor/laravel/framework/src/Illuminate/Pipeline/Pipeline.php(167): Illuminate\\Routing\\Middleware\\SubstituteBindings->handle()
#30 /var/www/html/product/hrmgo/main/non-saas/main_file/vendor/laravel/framework/src/Illuminate/Foundation/Http/Middleware/VerifyCsrfToken.php(78): Illuminate\\Pipeline\\Pipeline->Illuminate\\Pipeline\\{closure}()
#31 /var/www/html/product/hrmgo/main/non-saas/main_file/vendor/laravel/framework/src/Illuminate/Pipeline/Pipeline.php(167): Illuminate\\Foundation\\Http\\Middleware\\VerifyCsrfToken->handle()
#32 /var/www/html/product/hrmgo/main/non-saas/main_file/vendor/laravel/framework/src/Illuminate/View/Middleware/ShareErrorsFromSession.php(49): Illuminate\\Pipeline\\Pipeline->Illuminate\\Pipeline\\{closure}()
#33 /var/www/html/product/hrmgo/main/non-saas/main_file/vendor/laravel/framework/src/Illuminate/Pipeline/Pipeline.php(167): Illuminate\\View\\Middleware\\ShareErrorsFromSession->handle()
#34 /var/www/html/product/hrmgo/main/non-saas/main_file/vendor/laravel/framework/src/Illuminate/Session/Middleware/StartSession.php(121): Illuminate\\Pipeline\\Pipeline->Illuminate\\Pipeline\\{closure}()
#35 /var/www/html/product/hrmgo/main/non-saas/main_file/vendor/laravel/framework/src/Illuminate/Session/Middleware/StartSession.php(64): Illuminate\\Session\\Middleware\\StartSession->handleStatefulRequest()
#36 /var/www/html/product/hrmgo/main/non-saas/main_file/vendor/laravel/framework/src/Illuminate/Pipeline/Pipeline.php(167): Illuminate\\Session\\Middleware\\StartSession->handle()
#37 /var/www/html/product/hrmgo/main/non-saas/main_file/vendor/laravel/framework/src/Illuminate/Cookie/Middleware/AddQueuedCookiesToResponse.php(37): Illuminate\\Pipeline\\Pipeline->Illuminate\\Pipeline\\{closure}()
#38 /var/www/html/product/hrmgo/main/non-saas/main_file/vendor/laravel/framework/src/Illuminate/Pipeline/Pipeline.php(167): Illuminate\\Cookie\\Middleware\\AddQueuedCookiesToResponse->handle()
#39 /var/www/html/product/hrmgo/main/non-saas/main_file/vendor/laravel/framework/src/Illuminate/Cookie/Middleware/EncryptCookies.php(67): Illuminate\\Pipeline\\Pipeline->Illuminate\\Pipeline\\{closure}()
#40 /var/www/html/product/hrmgo/main/non-saas/main_file/vendor/laravel/framework/src/Illuminate/Pipeline/Pipeline.php(167): Illuminate\\Cookie\\Middleware\\EncryptCookies->handle()
#41 /var/www/html/product/hrmgo/main/non-saas/main_file/vendor/laravel/framework/src/Illuminate/Pipeline/Pipeline.php(103): Illuminate\\Pipeline\\Pipeline->Illuminate\\Pipeline\\{closure}()
#42 /var/www/html/product/hrmgo/main/non-saas/main_file/vendor/laravel/framework/src/Illuminate/Routing/Router.php(697): Illuminate\\Pipeline\\Pipeline->then()
#43 /var/www/html/product/hrmgo/main/non-saas/main_file/vendor/laravel/framework/src/Illuminate/Routing/Router.php(672): Illuminate\\Routing\\Router->runRouteWithinStack()
#44 /var/www/html/product/hrmgo/main/non-saas/main_file/vendor/laravel/framework/src/Illuminate/Routing/Router.php(636): Illuminate\\Routing\\Router->runRoute()
#45 /var/www/html/product/hrmgo/main/non-saas/main_file/vendor/laravel/framework/src/Illuminate/Routing/Router.php(625): Illuminate\\Routing\\Router->dispatchToRoute()
#46 /var/www/html/product/hrmgo/main/non-saas/main_file/vendor/laravel/framework/src/Illuminate/Foundation/Http/Kernel.php(166): Illuminate\\Routing\\Router->dispatch()
#47 /var/www/html/product/hrmgo/main/non-saas/main_file/vendor/laravel/framework/src/Illuminate/Pipeline/Pipeline.php(128): Illuminate\\Foundation\\Http\\Kernel->Illuminate\\Foundation\\Http\\{closure}()
#48 /var/www/html/product/hrmgo/main/non-saas/main_file/vendor/laravel/framework/src/Illuminate/Foundation/Http/Middleware/TransformsRequest.php(21): Illuminate\\Pipeline\\Pipeline->Illuminate\\Pipeline\\{closure}()
#49 /var/www/html/product/hrmgo/main/non-saas/main_file/vendor/laravel/framework/src/Illuminate/Foundation/Http/Middleware/ConvertEmptyStringsToNull.php(31): Illuminate\\Foundation\\Http\\Middleware\\TransformsRequest->handle()
#50 /var/www/html/product/hrmgo/main/non-saas/main_file/vendor/laravel/framework/src/Illuminate/Pipeline/Pipeline.php(167): Illuminate\\Foundation\\Http\\Middleware\\ConvertEmptyStringsToNull->handle()
#51 /var/www/html/product/hrmgo/main/non-saas/main_file/vendor/laravel/framework/src/Illuminate/Foundation/Http/Middleware/TransformsRequest.php(21): Illuminate\\Pipeline\\Pipeline->Illuminate\\Pipeline\\{closure}()
#52 /var/www/html/product/hrmgo/main/non-saas/main_file/vendor/laravel/framework/src/Illuminate/Foundation/Http/Middleware/TrimStrings.php(40): Illuminate\\Foundation\\Http\\Middleware\\TransformsRequest->handle()
#53 /var/www/html/product/hrmgo/main/non-saas/main_file/vendor/laravel/framework/src/Illuminate/Pipeline/Pipeline.php(167): Illuminate\\Foundation\\Http\\Middleware\\TrimStrings->handle()
#54 /var/www/html/product/hrmgo/main/non-saas/main_file/vendor/laravel/framework/src/Illuminate/Foundation/Http/Middleware/ValidatePostSize.php(27): Illuminate\\Pipeline\\Pipeline->Illuminate\\Pipeline\\{closure}()
#55 /var/www/html/product/hrmgo/main/non-saas/main_file/vendor/laravel/framework/src/Illuminate/Pipeline/Pipeline.php(167): Illuminate\\Foundation\\Http\\Middleware\\ValidatePostSize->handle()
#56 /var/www/html/product/hrmgo/main/non-saas/main_file/vendor/laravel/framework/src/Illuminate/Foundation/Http/Middleware/PreventRequestsDuringMaintenance.php(86): Illuminate\\Pipeline\\Pipeline->Illuminate\\Pipeline\\{closure}()
#57 /var/www/html/product/hrmgo/main/non-saas/main_file/vendor/laravel/framework/src/Illuminate/Pipeline/Pipeline.php(167): Illuminate\\Foundation\\Http\\Middleware\\PreventRequestsDuringMaintenance->handle()
#58 /var/www/html/product/hrmgo/main/non-saas/main_file/vendor/fruitcake/laravel-cors/src/HandleCors.php(38): Illuminate\\Pipeline\\Pipeline->Illuminate\\Pipeline\\{closure}()
#59 /var/www/html/product/hrmgo/main/non-saas/main_file/vendor/laravel/framework/src/Illuminate/Pipeline/Pipeline.php(167): Fruitcake\\Cors\\HandleCors->handle()
#60 /var/www/html/product/hrmgo/main/non-saas/main_file/vendor/laravel/framework/src/Illuminate/Http/Middleware/TrustProxies.php(39): Illuminate\\Pipeline\\Pipeline->Illuminate\\Pipeline\\{closure}()
#61 /var/www/html/product/hrmgo/main/non-saas/main_file/vendor/laravel/framework/src/Illuminate/Pipeline/Pipeline.php(167): Illuminate\\Http\\Middleware\\TrustProxies->handle()
#62 /var/www/html/product/hrmgo/main/non-saas/main_file/vendor/laravel/framework/src/Illuminate/Pipeline/Pipeline.php(103): Illuminate\\Pipeline\\Pipeline->Illuminate\\Pipeline\\{closure}()
#63 /var/www/html/product/hrmgo/main/non-saas/main_file/vendor/laravel/framework/src/Illuminate/Foundation/Http/Kernel.php(141): Illuminate\\Pipeline\\Pipeline->then()
#64 /var/www/html/product/hrmgo/main/non-saas/main_file/vendor/laravel/framework/src/Illuminate/Foundation/Http/Kernel.php(110): Illuminate\\Foundation\\Http\\Kernel->sendRequestThroughRouter()
#65 /var/www/html/product/hrmgo/main/non-saas/main_file/public/index.php(52): Illuminate\\Foundation\\Http\\Kernel->handle()
#66 /var/www/html/product/hrmgo/main/non-saas/main_file/index.php(21): require_once('/var/www/html/p...')
#67 {main}
"} 
[2022-11-09 10:19:18] local.ERROR: SQLSTATE[HY000] [1045] Access denied for user 'test'@'localhost' (using password: YES) (SQL: select * from `settings` where `created_by` = 1) {"exception":"[object] (Illuminate\\Database\\QueryException(code: 1045): SQLSTATE[HY000] [1045] Access denied for user 'test'@'localhost' (using password: YES) (SQL: select * from `settings` where `created_by` = 1) at /var/www/html/product/hrmgo/main/non-saas/main_file/vendor/laravel/framework/src/Illuminate/Database/Connection.php:692)
[stacktrace]
#0 /var/www/html/product/hrmgo/main/non-saas/main_file/vendor/laravel/framework/src/Illuminate/Database/Connection.php(652): Illuminate\\Database\\Connection->runQueryCallback()
#1 /var/www/html/product/hrmgo/main/non-saas/main_file/vendor/laravel/framework/src/Illuminate/Database/Connection.php(360): Illuminate\\Database\\Connection->run()
#2 /var/www/html/product/hrmgo/main/non-saas/main_file/vendor/laravel/framework/src/Illuminate/Database/Query/Builder.php(2350): Illuminate\\Database\\Connection->select()
#3 /var/www/html/product/hrmgo/main/non-saas/main_file/vendor/laravel/framework/src/Illuminate/Database/Query/Builder.php(2338): Illuminate\\Database\\Query\\Builder->runSelect()
#4 /var/www/html/product/hrmgo/main/non-saas/main_file/vendor/laravel/framework/src/Illuminate/Database/Query/Builder.php(2872): Illuminate\\Database\\Query\\Builder->Illuminate\\Database\\Query\\{closure}()
#5 /var/www/html/product/hrmgo/main/non-saas/main_file/vendor/laravel/framework/src/Illuminate/Database/Query/Builder.php(2339): Illuminate\\Database\\Query\\Builder->onceWithColumns()
#6 /var/www/html/product/hrmgo/main/non-saas/main_file/app/Models/Utility.php(27): Illuminate\\Database\\Query\\Builder->get()
#7 /var/www/html/product/hrmgo/main/non-saas/main_file/app/Http/Controllers/HomeController.php(157): App\\Models\\Utility::settings()
#8 /var/www/html/product/hrmgo/main/non-saas/main_file/vendor/laravel/framework/src/Illuminate/Routing/Controller.php(54): App\\Http\\Controllers\\HomeController->index()
#9 /var/www/html/product/hrmgo/main/non-saas/main_file/vendor/laravel/framework/src/Illuminate/Routing/ControllerDispatcher.php(45): Illuminate\\Routing\\Controller->callAction()
#10 /var/www/html/product/hrmgo/main/non-saas/main_file/vendor/laravel/framework/src/Illuminate/Routing/Route.php(261): Illuminate\\Routing\\ControllerDispatcher->dispatch()
#11 /var/www/html/product/hrmgo/main/non-saas/main_file/vendor/laravel/framework/src/Illuminate/Routing/Route.php(204): Illuminate\\Routing\\Route->runController()
#12 /var/www/html/product/hrmgo/main/non-saas/main_file/vendor/laravel/framework/src/Illuminate/Routing/Router.php(695): Illuminate\\Routing\\Route->run()
#13 /var/www/html/product/hrmgo/main/non-saas/main_file/vendor/laravel/framework/src/Illuminate/Pipeline/Pipeline.php(128): Illuminate\\Routing\\Router->Illuminate\\Routing\\{closure}()
#14 /var/www/html/product/hrmgo/main/non-saas/main_file/app/Http/Middleware/XSS.php(59): Illuminate\\Pipeline\\Pipeline->Illuminate\\Pipeline\\{closure}()
#15 /var/www/html/product/hrmgo/main/non-saas/main_file/vendor/laravel/framework/src/Illuminate/Pipeline/Pipeline.php(167): App\\Http\\Middleware\\XSS->handle()
#16 /var/www/html/product/hrmgo/main/non-saas/main_file/vendor/laravel/framework/src/Illuminate/Routing/Middleware/SubstituteBindings.php(50): Illuminate\\Pipeline\\Pipeline->Illuminate\\Pipeline\\{closure}()
#17 /var/www/html/product/hrmgo/main/non-saas/main_file/vendor/laravel/framework/src/Illuminate/Pipeline/Pipeline.php(167): Illuminate\\Routing\\Middleware\\SubstituteBindings->handle()
#18 /var/www/html/product/hrmgo/main/non-saas/main_file/vendor/laravel/framework/src/Illuminate/Foundation/Http/Middleware/VerifyCsrfToken.php(78): Illuminate\\Pipeline\\Pipeline->Illuminate\\Pipeline\\{closure}()
#19 /var/www/html/product/hrmgo/main/non-saas/main_file/vendor/laravel/framework/src/Illuminate/Pipeline/Pipeline.php(167): Illuminate\\Foundation\\Http\\Middleware\\VerifyCsrfToken->handle()
#20 /var/www/html/product/hrmgo/main/non-saas/main_file/vendor/laravel/framework/src/Illuminate/View/Middleware/ShareErrorsFromSession.php(49): Illuminate\\Pipeline\\Pipeline->Illuminate\\Pipeline\\{closure}()
#21 /var/www/html/product/hrmgo/main/non-saas/main_file/vendor/laravel/framework/src/Illuminate/Pipeline/Pipeline.php(167): Illuminate\\View\\Middleware\\ShareErrorsFromSession->handle()
#22 /var/www/html/product/hrmgo/main/non-saas/main_file/vendor/laravel/framework/src/Illuminate/Session/Middleware/StartSession.php(121): Illuminate\\Pipeline\\Pipeline->Illuminate\\Pipeline\\{closure}()
#23 /var/www/html/product/hrmgo/main/non-saas/main_file/vendor/laravel/framework/src/Illuminate/Session/Middleware/StartSession.php(64): Illuminate\\Session\\Middleware\\StartSession->handleStatefulRequest()
#24 /var/www/html/product/hrmgo/main/non-saas/main_file/vendor/laravel/framework/src/Illuminate/Pipeline/Pipeline.php(167): Illuminate\\Session\\Middleware\\StartSession->handle()
#25 /var/www/html/product/hrmgo/main/non-saas/main_file/vendor/laravel/framework/src/Illuminate/Cookie/Middleware/AddQueuedCookiesToResponse.php(37): Illuminate\\Pipeline\\Pipeline->Illuminate\\Pipeline\\{closure}()
#26 /var/www/html/product/hrmgo/main/non-saas/main_file/vendor/laravel/framework/src/Illuminate/Pipeline/Pipeline.php(167): Illuminate\\Cookie\\Middleware\\AddQueuedCookiesToResponse->handle()
#27 /var/www/html/product/hrmgo/main/non-saas/main_file/vendor/laravel/framework/src/Illuminate/Cookie/Middleware/EncryptCookies.php(67): Illuminate\\Pipeline\\Pipeline->Illuminate\\Pipeline\\{closure}()
#28 /var/www/html/product/hrmgo/main/non-saas/main_file/vendor/laravel/framework/src/Illuminate/Pipeline/Pipeline.php(167): Illuminate\\Cookie\\Middleware\\EncryptCookies->handle()
#29 /var/www/html/product/hrmgo/main/non-saas/main_file/vendor/laravel/framework/src/Illuminate/Pipeline/Pipeline.php(103): Illuminate\\Pipeline\\Pipeline->Illuminate\\Pipeline\\{closure}()
#30 /var/www/html/product/hrmgo/main/non-saas/main_file/vendor/laravel/framework/src/Illuminate/Routing/Router.php(697): Illuminate\\Pipeline\\Pipeline->then()
#31 /var/www/html/product/hrmgo/main/non-saas/main_file/vendor/laravel/framework/src/Illuminate/Routing/Router.php(672): Illuminate\\Routing\\Router->runRouteWithinStack()
#32 /var/www/html/product/hrmgo/main/non-saas/main_file/vendor/laravel/framework/src/Illuminate/Routing/Router.php(636): Illuminate\\Routing\\Router->runRoute()
#33 /var/www/html/product/hrmgo/main/non-saas/main_file/vendor/laravel/framework/src/Illuminate/Routing/Router.php(625): Illuminate\\Routing\\Router->dispatchToRoute()
#34 /var/www/html/product/hrmgo/main/non-saas/main_file/vendor/laravel/framework/src/Illuminate/Foundation/Http/Kernel.php(166): Illuminate\\Routing\\Router->dispatch()
#35 /var/www/html/product/hrmgo/main/non-saas/main_file/vendor/laravel/framework/src/Illuminate/Pipeline/Pipeline.php(128): Illuminate\\Foundation\\Http\\Kernel->Illuminate\\Foundation\\Http\\{closure}()
#36 /var/www/html/product/hrmgo/main/non-saas/main_file/vendor/laravel/framework/src/Illuminate/Foundation/Http/Middleware/TransformsRequest.php(21): Illuminate\\Pipeline\\Pipeline->Illuminate\\Pipeline\\{closure}()
#37 /var/www/html/product/hrmgo/main/non-saas/main_file/vendor/laravel/framework/src/Illuminate/Foundation/Http/Middleware/ConvertEmptyStringsToNull.php(31): Illuminate\\Foundation\\Http\\Middleware\\TransformsRequest->handle()
#38 /var/www/html/product/hrmgo/main/non-saas/main_file/vendor/laravel/framework/src/Illuminate/Pipeline/Pipeline.php(167): Illuminate\\Foundation\\Http\\Middleware\\ConvertEmptyStringsToNull->handle()
#39 /var/www/html/product/hrmgo/main/non-saas/main_file/vendor/laravel/framework/src/Illuminate/Foundation/Http/Middleware/TransformsRequest.php(21): Illuminate\\Pipeline\\Pipeline->Illuminate\\Pipeline\\{closure}()
#40 /var/www/html/product/hrmgo/main/non-saas/main_file/vendor/laravel/framework/src/Illuminate/Foundation/Http/Middleware/TrimStrings.php(40): Illuminate\\Foundation\\Http\\Middleware\\TransformsRequest->handle()
#41 /var/www/html/product/hrmgo/main/non-saas/main_file/vendor/laravel/framework/src/Illuminate/Pipeline/Pipeline.php(167): Illuminate\\Foundation\\Http\\Middleware\\TrimStrings->handle()
#42 /var/www/html/product/hrmgo/main/non-saas/main_file/vendor/laravel/framework/src/Illuminate/Foundation/Http/Middleware/ValidatePostSize.php(27): Illuminate\\Pipeline\\Pipeline->Illuminate\\Pipeline\\{closure}()
#43 /var/www/html/product/hrmgo/main/non-saas/main_file/vendor/laravel/framework/src/Illuminate/Pipeline/Pipeline.php(167): Illuminate\\Foundation\\Http\\Middleware\\ValidatePostSize->handle()
#44 /var/www/html/product/hrmgo/main/non-saas/main_file/vendor/laravel/framework/src/Illuminate/Foundation/Http/Middleware/PreventRequestsDuringMaintenance.php(86): Illuminate\\Pipeline\\Pipeline->Illuminate\\Pipeline\\{closure}()
#45 /var/www/html/product/hrmgo/main/non-saas/main_file/vendor/laravel/framework/src/Illuminate/Pipeline/Pipeline.php(167): Illuminate\\Foundation\\Http\\Middleware\\PreventRequestsDuringMaintenance->handle()
#46 /var/www/html/product/hrmgo/main/non-saas/main_file/vendor/fruitcake/laravel-cors/src/HandleCors.php(38): Illuminate\\Pipeline\\Pipeline->Illuminate\\Pipeline\\{closure}()
#47 /var/www/html/product/hrmgo/main/non-saas/main_file/vendor/laravel/framework/src/Illuminate/Pipeline/Pipeline.php(167): Fruitcake\\Cors\\HandleCors->handle()
#48 /var/www/html/product/hrmgo/main/non-saas/main_file/vendor/laravel/framework/src/Illuminate/Http/Middleware/TrustProxies.php(39): Illuminate\\Pipeline\\Pipeline->Illuminate\\Pipeline\\{closure}()
#49 /var/www/html/product/hrmgo/main/non-saas/main_file/vendor/laravel/framework/src/Illuminate/Pipeline/Pipeline.php(167): Illuminate\\Http\\Middleware\\TrustProxies->handle()
#50 /var/www/html/product/hrmgo/main/non-saas/main_file/vendor/laravel/framework/src/Illuminate/Pipeline/Pipeline.php(103): Illuminate\\Pipeline\\Pipeline->Illuminate\\Pipeline\\{closure}()
#51 /var/www/html/product/hrmgo/main/non-saas/main_file/vendor/laravel/framework/src/Illuminate/Foundation/Http/Kernel.php(141): Illuminate\\Pipeline\\Pipeline->then()
#52 /var/www/html/product/hrmgo/main/non-saas/main_file/vendor/laravel/framework/src/Illuminate/Foundation/Http/Kernel.php(110): Illuminate\\Foundation\\Http\\Kernel->sendRequestThroughRouter()
#53 /var/www/html/product/hrmgo/main/non-saas/main_file/public/index.php(52): Illuminate\\Foundation\\Http\\Kernel->handle()
#54 /var/www/html/product/hrmgo/main/non-saas/main_file/index.php(21): require_once('/var/www/html/p...')
#55 {main}

[previous exception] [object] (Doctrine\\DBAL\\Driver\\PDO\\Exception(code: 1045): SQLSTATE[HY000] [1045] Access denied for user 'test'@'localhost' (using password: YES) at /var/www/html/product/hrmgo/main/non-saas/main_file/vendor/doctrine/dbal/lib/Doctrine/DBAL/Driver/PDO/Exception.php:18)
[stacktrace]
#0 /var/www/html/product/hrmgo/main/non-saas/main_file/vendor/doctrine/dbal/lib/Doctrine/DBAL/Driver/PDOConnection.php(43): Doctrine\\DBAL\\Driver\\PDO\\Exception::new()
#1 /var/www/html/product/hrmgo/main/non-saas/main_file/vendor/laravel/framework/src/Illuminate/Database/Connectors/Connector.php(67): Doctrine\\DBAL\\Driver\\PDOConnection->__construct()
#2 /var/www/html/product/hrmgo/main/non-saas/main_file/vendor/laravel/framework/src/Illuminate/Database/Connectors/Connector.php(46): Illuminate\\Database\\Connectors\\Connector->createPdoConnection()
#3 /var/www/html/product/hrmgo/main/non-saas/main_file/vendor/laravel/framework/src/Illuminate/Database/Connectors/MySqlConnector.php(24): Illuminate\\Database\\Connectors\\Connector->createConnection()
#4 /var/www/html/product/hrmgo/main/non-saas/main_file/vendor/laravel/framework/src/Illuminate/Database/Connectors/ConnectionFactory.php(184): Illuminate\\Database\\Connectors\\MySqlConnector->connect()
#5 [internal function]: Illuminate\\Database\\Connectors\\ConnectionFactory->Illuminate\\Database\\Connectors\\{closure}()
#6 /var/www/html/product/hrmgo/main/non-saas/main_file/vendor/laravel/framework/src/Illuminate/Database/Connection.php(997): call_user_func()
#7 /var/www/html/product/hrmgo/main/non-saas/main_file/vendor/laravel/framework/src/Illuminate/Database/Connection.php(1033): Illuminate\\Database\\Connection->getPdo()
#8 /var/www/html/product/hrmgo/main/non-saas/main_file/vendor/laravel/framework/src/Illuminate/Database/Connection.php(426): Illuminate\\Database\\Connection->getReadPdo()
#9 /var/www/html/product/hrmgo/main/non-saas/main_file/vendor/laravel/framework/src/Illuminate/Database/Connection.php(352): Illuminate\\Database\\Connection->getPdoForSelect()
#10 /var/www/html/product/hrmgo/main/non-saas/main_file/vendor/laravel/framework/src/Illuminate/Database/Connection.php(685): Illuminate\\Database\\Connection->Illuminate\\Database\\{closure}()
#11 /var/www/html/product/hrmgo/main/non-saas/main_file/vendor/laravel/framework/src/Illuminate/Database/Connection.php(652): Illuminate\\Database\\Connection->runQueryCallback()
#12 /var/www/html/product/hrmgo/main/non-saas/main_file/vendor/laravel/framework/src/Illuminate/Database/Connection.php(360): Illuminate\\Database\\Connection->run()
#13 /var/www/html/product/hrmgo/main/non-saas/main_file/vendor/laravel/framework/src/Illuminate/Database/Query/Builder.php(2350): Illuminate\\Database\\Connection->select()
#14 /var/www/html/product/hrmgo/main/non-saas/main_file/vendor/laravel/framework/src/Illuminate/Database/Query/Builder.php(2338): Illuminate\\Database\\Query\\Builder->runSelect()
#15 /var/www/html/product/hrmgo/main/non-saas/main_file/vendor/laravel/framework/src/Illuminate/Database/Query/Builder.php(2872): Illuminate\\Database\\Query\\Builder->Illuminate\\Database\\Query\\{closure}()
#16 /var/www/html/product/hrmgo/main/non-saas/main_file/vendor/laravel/framework/src/Illuminate/Database/Query/Builder.php(2339): Illuminate\\Database\\Query\\Builder->onceWithColumns()
#17 /var/www/html/product/hrmgo/main/non-saas/main_file/app/Models/Utility.php(27): Illuminate\\Database\\Query\\Builder->get()
#18 /var/www/html/product/hrmgo/main/non-saas/main_file/app/Http/Controllers/HomeController.php(157): App\\Models\\Utility::settings()
#19 /var/www/html/product/hrmgo/main/non-saas/main_file/vendor/laravel/framework/src/Illuminate/Routing/Controller.php(54): App\\Http\\Controllers\\HomeController->index()
#20 /var/www/html/product/hrmgo/main/non-saas/main_file/vendor/laravel/framework/src/Illuminate/Routing/ControllerDispatcher.php(45): Illuminate\\Routing\\Controller->callAction()
#21 /var/www/html/product/hrmgo/main/non-saas/main_file/vendor/laravel/framework/src/Illuminate/Routing/Route.php(261): Illuminate\\Routing\\ControllerDispatcher->dispatch()
#22 /var/www/html/product/hrmgo/main/non-saas/main_file/vendor/laravel/framework/src/Illuminate/Routing/Route.php(204): Illuminate\\Routing\\Route->runController()
#23 /var/www/html/product/hrmgo/main/non-saas/main_file/vendor/laravel/framework/src/Illuminate/Routing/Router.php(695): Illuminate\\Routing\\Route->run()
#24 /var/www/html/product/hrmgo/main/non-saas/main_file/vendor/laravel/framework/src/Illuminate/Pipeline/Pipeline.php(128): Illuminate\\Routing\\Router->Illuminate\\Routing\\{closure}()
#25 /var/www/html/product/hrmgo/main/non-saas/main_file/app/Http/Middleware/XSS.php(59): Illuminate\\Pipeline\\Pipeline->Illuminate\\Pipeline\\{closure}()
#26 /var/www/html/product/hrmgo/main/non-saas/main_file/vendor/laravel/framework/src/Illuminate/Pipeline/Pipeline.php(167): App\\Http\\Middleware\\XSS->handle()
#27 /var/www/html/product/hrmgo/main/non-saas/main_file/vendor/laravel/framework/src/Illuminate/Routing/Middleware/SubstituteBindings.php(50): Illuminate\\Pipeline\\Pipeline->Illuminate\\Pipeline\\{closure}()
#28 /var/www/html/product/hrmgo/main/non-saas/main_file/vendor/laravel/framework/src/Illuminate/Pipeline/Pipeline.php(167): Illuminate\\Routing\\Middleware\\SubstituteBindings->handle()
#29 /var/www/html/product/hrmgo/main/non-saas/main_file/vendor/laravel/framework/src/Illuminate/Foundation/Http/Middleware/VerifyCsrfToken.php(78): Illuminate\\Pipeline\\Pipeline->Illuminate\\Pipeline\\{closure}()
#30 /var/www/html/product/hrmgo/main/non-saas/main_file/vendor/laravel/framework/src/Illuminate/Pipeline/Pipeline.php(167): Illuminate\\Foundation\\Http\\Middleware\\VerifyCsrfToken->handle()
#31 /var/www/html/product/hrmgo/main/non-saas/main_file/vendor/laravel/framework/src/Illuminate/View/Middleware/ShareErrorsFromSession.php(49): Illuminate\\Pipeline\\Pipeline->Illuminate\\Pipeline\\{closure}()
#32 /var/www/html/product/hrmgo/main/non-saas/main_file/vendor/laravel/framework/src/Illuminate/Pipeline/Pipeline.php(167): Illuminate\\View\\Middleware\\ShareErrorsFromSession->handle()
#33 /var/www/html/product/hrmgo/main/non-saas/main_file/vendor/laravel/framework/src/Illuminate/Session/Middleware/StartSession.php(121): Illuminate\\Pipeline\\Pipeline->Illuminate\\Pipeline\\{closure}()
#34 /var/www/html/product/hrmgo/main/non-saas/main_file/vendor/laravel/framework/src/Illuminate/Session/Middleware/StartSession.php(64): Illuminate\\Session\\Middleware\\StartSession->handleStatefulRequest()
#35 /var/www/html/product/hrmgo/main/non-saas/main_file/vendor/laravel/framework/src/Illuminate/Pipeline/Pipeline.php(167): Illuminate\\Session\\Middleware\\StartSession->handle()
#36 /var/www/html/product/hrmgo/main/non-saas/main_file/vendor/laravel/framework/src/Illuminate/Cookie/Middleware/AddQueuedCookiesToResponse.php(37): Illuminate\\Pipeline\\Pipeline->Illuminate\\Pipeline\\{closure}()
#37 /var/www/html/product/hrmgo/main/non-saas/main_file/vendor/laravel/framework/src/Illuminate/Pipeline/Pipeline.php(167): Illuminate\\Cookie\\Middleware\\AddQueuedCookiesToResponse->handle()
#38 /var/www/html/product/hrmgo/main/non-saas/main_file/vendor/laravel/framework/src/Illuminate/Cookie/Middleware/EncryptCookies.php(67): Illuminate\\Pipeline\\Pipeline->Illuminate\\Pipeline\\{closure}()
#39 /var/www/html/product/hrmgo/main/non-saas/main_file/vendor/laravel/framework/src/Illuminate/Pipeline/Pipeline.php(167): Illuminate\\Cookie\\Middleware\\EncryptCookies->handle()
#40 /var/www/html/product/hrmgo/main/non-saas/main_file/vendor/laravel/framework/src/Illuminate/Pipeline/Pipeline.php(103): Illuminate\\Pipeline\\Pipeline->Illuminate\\Pipeline\\{closure}()
#41 /var/www/html/product/hrmgo/main/non-saas/main_file/vendor/laravel/framework/src/Illuminate/Routing/Router.php(697): Illuminate\\Pipeline\\Pipeline->then()
#42 /var/www/html/product/hrmgo/main/non-saas/main_file/vendor/laravel/framework/src/Illuminate/Routing/Router.php(672): Illuminate\\Routing\\Router->runRouteWithinStack()
#43 /var/www/html/product/hrmgo/main/non-saas/main_file/vendor/laravel/framework/src/Illuminate/Routing/Router.php(636): Illuminate\\Routing\\Router->runRoute()
#44 /var/www/html/product/hrmgo/main/non-saas/main_file/vendor/laravel/framework/src/Illuminate/Routing/Router.php(625): Illuminate\\Routing\\Router->dispatchToRoute()
#45 /var/www/html/product/hrmgo/main/non-saas/main_file/vendor/laravel/framework/src/Illuminate/Foundation/Http/Kernel.php(166): Illuminate\\Routing\\Router->dispatch()
#46 /var/www/html/product/hrmgo/main/non-saas/main_file/vendor/laravel/framework/src/Illuminate/Pipeline/Pipeline.php(128): Illuminate\\Foundation\\Http\\Kernel->Illuminate\\Foundation\\Http\\{closure}()
#47 /var/www/html/product/hrmgo/main/non-saas/main_file/vendor/laravel/framework/src/Illuminate/Foundation/Http/Middleware/TransformsRequest.php(21): Illuminate\\Pipeline\\Pipeline->Illuminate\\Pipeline\\{closure}()
#48 /var/www/html/product/hrmgo/main/non-saas/main_file/vendor/laravel/framework/src/Illuminate/Foundation/Http/Middleware/ConvertEmptyStringsToNull.php(31): Illuminate\\Foundation\\Http\\Middleware\\TransformsRequest->handle()
#49 /var/www/html/product/hrmgo/main/non-saas/main_file/vendor/laravel/framework/src/Illuminate/Pipeline/Pipeline.php(167): Illuminate\\Foundation\\Http\\Middleware\\ConvertEmptyStringsToNull->handle()
#50 /var/www/html/product/hrmgo/main/non-saas/main_file/vendor/laravel/framework/src/Illuminate/Foundation/Http/Middleware/TransformsRequest.php(21): Illuminate\\Pipeline\\Pipeline->Illuminate\\Pipeline\\{closure}()
#51 /var/www/html/product/hrmgo/main/non-saas/main_file/vendor/laravel/framework/src/Illuminate/Foundation/Http/Middleware/TrimStrings.php(40): Illuminate\\Foundation\\Http\\Middleware\\TransformsRequest->handle()
#52 /var/www/html/product/hrmgo/main/non-saas/main_file/vendor/laravel/framework/src/Illuminate/Pipeline/Pipeline.php(167): Illuminate\\Foundation\\Http\\Middleware\\TrimStrings->handle()
#53 /var/www/html/product/hrmgo/main/non-saas/main_file/vendor/laravel/framework/src/Illuminate/Foundation/Http/Middleware/ValidatePostSize.php(27): Illuminate\\Pipeline\\Pipeline->Illuminate\\Pipeline\\{closure}()
#54 /var/www/html/product/hrmgo/main/non-saas/main_file/vendor/laravel/framework/src/Illuminate/Pipeline/Pipeline.php(167): Illuminate\\Foundation\\Http\\Middleware\\ValidatePostSize->handle()
#55 /var/www/html/product/hrmgo/main/non-saas/main_file/vendor/laravel/framework/src/Illuminate/Foundation/Http/Middleware/PreventRequestsDuringMaintenance.php(86): Illuminate\\Pipeline\\Pipeline->Illuminate\\Pipeline\\{closure}()
#56 /var/www/html/product/hrmgo/main/non-saas/main_file/vendor/laravel/framework/src/Illuminate/Pipeline/Pipeline.php(167): Illuminate\\Foundation\\Http\\Middleware\\PreventRequestsDuringMaintenance->handle()
#57 /var/www/html/product/hrmgo/main/non-saas/main_file/vendor/fruitcake/laravel-cors/src/HandleCors.php(38): Illuminate\\Pipeline\\Pipeline->Illuminate\\Pipeline\\{closure}()
#58 /var/www/html/product/hrmgo/main/non-saas/main_file/vendor/laravel/framework/src/Illuminate/Pipeline/Pipeline.php(167): Fruitcake\\Cors\\HandleCors->handle()
#59 /var/www/html/product/hrmgo/main/non-saas/main_file/vendor/laravel/framework/src/Illuminate/Http/Middleware/TrustProxies.php(39): Illuminate\\Pipeline\\Pipeline->Illuminate\\Pipeline\\{closure}()
#60 /var/www/html/product/hrmgo/main/non-saas/main_file/vendor/laravel/framework/src/Illuminate/Pipeline/Pipeline.php(167): Illuminate\\Http\\Middleware\\TrustProxies->handle()
#61 /var/www/html/product/hrmgo/main/non-saas/main_file/vendor/laravel/framework/src/Illuminate/Pipeline/Pipeline.php(103): Illuminate\\Pipeline\\Pipeline->Illuminate\\Pipeline\\{closure}()
#62 /var/www/html/product/hrmgo/main/non-saas/main_file/vendor/laravel/framework/src/Illuminate/Foundation/Http/Kernel.php(141): Illuminate\\Pipeline\\Pipeline->then()
#63 /var/www/html/product/hrmgo/main/non-saas/main_file/vendor/laravel/framework/src/Illuminate/Foundation/Http/Kernel.php(110): Illuminate\\Foundation\\Http\\Kernel->sendRequestThroughRouter()
#64 /var/www/html/product/hrmgo/main/non-saas/main_file/public/index.php(52): Illuminate\\Foundation\\Http\\Kernel->handle()
#65 /var/www/html/product/hrmgo/main/non-saas/main_file/index.php(21): require_once('/var/www/html/p...')
#66 {main}

[previous exception] [object] (PDOException(code: 1045): SQLSTATE[HY000] [1045] Access denied for user 'test'@'localhost' (using password: YES) at /var/www/html/product/hrmgo/main/non-saas/main_file/vendor/doctrine/dbal/lib/Doctrine/DBAL/Driver/PDOConnection.php:39)
[stacktrace]
#0 /var/www/html/product/hrmgo/main/non-saas/main_file/vendor/doctrine/dbal/lib/Doctrine/DBAL/Driver/PDOConnection.php(39): PDO->__construct()
#1 /var/www/html/product/hrmgo/main/non-saas/main_file/vendor/laravel/framework/src/Illuminate/Database/Connectors/Connector.php(67): Doctrine\\DBAL\\Driver\\PDOConnection->__construct()
#2 /var/www/html/product/hrmgo/main/non-saas/main_file/vendor/laravel/framework/src/Illuminate/Database/Connectors/Connector.php(46): Illuminate\\Database\\Connectors\\Connector->createPdoConnection()
#3 /var/www/html/product/hrmgo/main/non-saas/main_file/vendor/laravel/framework/src/Illuminate/Database/Connectors/MySqlConnector.php(24): Illuminate\\Database\\Connectors\\Connector->createConnection()
#4 /var/www/html/product/hrmgo/main/non-saas/main_file/vendor/laravel/framework/src/Illuminate/Database/Connectors/ConnectionFactory.php(184): Illuminate\\Database\\Connectors\\MySqlConnector->connect()
#5 [internal function]: Illuminate\\Database\\Connectors\\ConnectionFactory->Illuminate\\Database\\Connectors\\{closure}()
#6 /var/www/html/product/hrmgo/main/non-saas/main_file/vendor/laravel/framework/src/Illuminate/Database/Connection.php(997): call_user_func()
#7 /var/www/html/product/hrmgo/main/non-saas/main_file/vendor/laravel/framework/src/Illuminate/Database/Connection.php(1033): Illuminate\\Database\\Connection->getPdo()
#8 /var/www/html/product/hrmgo/main/non-saas/main_file/vendor/laravel/framework/src/Illuminate/Database/Connection.php(426): Illuminate\\Database\\Connection->getReadPdo()
#9 /var/www/html/product/hrmgo/main/non-saas/main_file/vendor/laravel/framework/src/Illuminate/Database/Connection.php(352): Illuminate\\Database\\Connection->getPdoForSelect()
#10 /var/www/html/product/hrmgo/main/non-saas/main_file/vendor/laravel/framework/src/Illuminate/Database/Connection.php(685): Illuminate\\Database\\Connection->Illuminate\\Database\\{closure}()
#11 /var/www/html/product/hrmgo/main/non-saas/main_file/vendor/laravel/framework/src/Illuminate/Database/Connection.php(652): Illuminate\\Database\\Connection->runQueryCallback()
#12 /var/www/html/product/hrmgo/main/non-saas/main_file/vendor/laravel/framework/src/Illuminate/Database/Connection.php(360): Illuminate\\Database\\Connection->run()
#13 /var/www/html/product/hrmgo/main/non-saas/main_file/vendor/laravel/framework/src/Illuminate/Database/Query/Builder.php(2350): Illuminate\\Database\\Connection->select()
#14 /var/www/html/product/hrmgo/main/non-saas/main_file/vendor/laravel/framework/src/Illuminate/Database/Query/Builder.php(2338): Illuminate\\Database\\Query\\Builder->runSelect()
#15 /var/www/html/product/hrmgo/main/non-saas/main_file/vendor/laravel/framework/src/Illuminate/Database/Query/Builder.php(2872): Illuminate\\Database\\Query\\Builder->Illuminate\\Database\\Query\\{closure}()
#16 /var/www/html/product/hrmgo/main/non-saas/main_file/vendor/laravel/framework/src/Illuminate/Database/Query/Builder.php(2339): Illuminate\\Database\\Query\\Builder->onceWithColumns()
#17 /var/www/html/product/hrmgo/main/non-saas/main_file/app/Models/Utility.php(27): Illuminate\\Database\\Query\\Builder->get()
#18 /var/www/html/product/hrmgo/main/non-saas/main_file/app/Http/Controllers/HomeController.php(157): App\\Models\\Utility::settings()
#19 /var/www/html/product/hrmgo/main/non-saas/main_file/vendor/laravel/framework/src/Illuminate/Routing/Controller.php(54): App\\Http\\Controllers\\HomeController->index()
#20 /var/www/html/product/hrmgo/main/non-saas/main_file/vendor/laravel/framework/src/Illuminate/Routing/ControllerDispatcher.php(45): Illuminate\\Routing\\Controller->callAction()
#21 /var/www/html/product/hrmgo/main/non-saas/main_file/vendor/laravel/framework/src/Illuminate/Routing/Route.php(261): Illuminate\\Routing\\ControllerDispatcher->dispatch()
#22 /var/www/html/product/hrmgo/main/non-saas/main_file/vendor/laravel/framework/src/Illuminate/Routing/Route.php(204): Illuminate\\Routing\\Route->runController()
#23 /var/www/html/product/hrmgo/main/non-saas/main_file/vendor/laravel/framework/src/Illuminate/Routing/Router.php(695): Illuminate\\Routing\\Route->run()
#24 /var/www/html/product/hrmgo/main/non-saas/main_file/vendor/laravel/framework/src/Illuminate/Pipeline/Pipeline.php(128): Illuminate\\Routing\\Router->Illuminate\\Routing\\{closure}()
#25 /var/www/html/product/hrmgo/main/non-saas/main_file/app/Http/Middleware/XSS.php(59): Illuminate\\Pipeline\\Pipeline->Illuminate\\Pipeline\\{closure}()
#26 /var/www/html/product/hrmgo/main/non-saas/main_file/vendor/laravel/framework/src/Illuminate/Pipeline/Pipeline.php(167): App\\Http\\Middleware\\XSS->handle()
#27 /var/www/html/product/hrmgo/main/non-saas/main_file/vendor/laravel/framework/src/Illuminate/Routing/Middleware/SubstituteBindings.php(50): Illuminate\\Pipeline\\Pipeline->Illuminate\\Pipeline\\{closure}()
#28 /var/www/html/product/hrmgo/main/non-saas/main_file/vendor/laravel/framework/src/Illuminate/Pipeline/Pipeline.php(167): Illuminate\\Routing\\Middleware\\SubstituteBindings->handle()
#29 /var/www/html/product/hrmgo/main/non-saas/main_file/vendor/laravel/framework/src/Illuminate/Foundation/Http/Middleware/VerifyCsrfToken.php(78): Illuminate\\Pipeline\\Pipeline->Illuminate\\Pipeline\\{closure}()
#30 /var/www/html/product/hrmgo/main/non-saas/main_file/vendor/laravel/framework/src/Illuminate/Pipeline/Pipeline.php(167): Illuminate\\Foundation\\Http\\Middleware\\VerifyCsrfToken->handle()
#31 /var/www/html/product/hrmgo/main/non-saas/main_file/vendor/laravel/framework/src/Illuminate/View/Middleware/ShareErrorsFromSession.php(49): Illuminate\\Pipeline\\Pipeline->Illuminate\\Pipeline\\{closure}()
#32 /var/www/html/product/hrmgo/main/non-saas/main_file/vendor/laravel/framework/src/Illuminate/Pipeline/Pipeline.php(167): Illuminate\\View\\Middleware\\ShareErrorsFromSession->handle()
#33 /var/www/html/product/hrmgo/main/non-saas/main_file/vendor/laravel/framework/src/Illuminate/Session/Middleware/StartSession.php(121): Illuminate\\Pipeline\\Pipeline->Illuminate\\Pipeline\\{closure}()
#34 /var/www/html/product/hrmgo/main/non-saas/main_file/vendor/laravel/framework/src/Illuminate/Session/Middleware/StartSession.php(64): Illuminate\\Session\\Middleware\\StartSession->handleStatefulRequest()
#35 /var/www/html/product/hrmgo/main/non-saas/main_file/vendor/laravel/framework/src/Illuminate/Pipeline/Pipeline.php(167): Illuminate\\Session\\Middleware\\StartSession->handle()
#36 /var/www/html/product/hrmgo/main/non-saas/main_file/vendor/laravel/framework/src/Illuminate/Cookie/Middleware/AddQueuedCookiesToResponse.php(37): Illuminate\\Pipeline\\Pipeline->Illuminate\\Pipeline\\{closure}()
#37 /var/www/html/product/hrmgo/main/non-saas/main_file/vendor/laravel/framework/src/Illuminate/Pipeline/Pipeline.php(167): Illuminate\\Cookie\\Middleware\\AddQueuedCookiesToResponse->handle()
#38 /var/www/html/product/hrmgo/main/non-saas/main_file/vendor/laravel/framework/src/Illuminate/Cookie/Middleware/EncryptCookies.php(67): Illuminate\\Pipeline\\Pipeline->Illuminate\\Pipeline\\{closure}()
#39 /var/www/html/product/hrmgo/main/non-saas/main_file/vendor/laravel/framework/src/Illuminate/Pipeline/Pipeline.php(167): Illuminate\\Cookie\\Middleware\\EncryptCookies->handle()
#40 /var/www/html/product/hrmgo/main/non-saas/main_file/vendor/laravel/framework/src/Illuminate/Pipeline/Pipeline.php(103): Illuminate\\Pipeline\\Pipeline->Illuminate\\Pipeline\\{closure}()
#41 /var/www/html/product/hrmgo/main/non-saas/main_file/vendor/laravel/framework/src/Illuminate/Routing/Router.php(697): Illuminate\\Pipeline\\Pipeline->then()
#42 /var/www/html/product/hrmgo/main/non-saas/main_file/vendor/laravel/framework/src/Illuminate/Routing/Router.php(672): Illuminate\\Routing\\Router->runRouteWithinStack()
#43 /var/www/html/product/hrmgo/main/non-saas/main_file/vendor/laravel/framework/src/Illuminate/Routing/Router.php(636): Illuminate\\Routing\\Router->runRoute()
#44 /var/www/html/product/hrmgo/main/non-saas/main_file/vendor/laravel/framework/src/Illuminate/Routing/Router.php(625): Illuminate\\Routing\\Router->dispatchToRoute()
#45 /var/www/html/product/hrmgo/main/non-saas/main_file/vendor/laravel/framework/src/Illuminate/Foundation/Http/Kernel.php(166): Illuminate\\Routing\\Router->dispatch()
#46 /var/www/html/product/hrmgo/main/non-saas/main_file/vendor/laravel/framework/src/Illuminate/Pipeline/Pipeline.php(128): Illuminate\\Foundation\\Http\\Kernel->Illuminate\\Foundation\\Http\\{closure}()
#47 /var/www/html/product/hrmgo/main/non-saas/main_file/vendor/laravel/framework/src/Illuminate/Foundation/Http/Middleware/TransformsRequest.php(21): Illuminate\\Pipeline\\Pipeline->Illuminate\\Pipeline\\{closure}()
#48 /var/www/html/product/hrmgo/main/non-saas/main_file/vendor/laravel/framework/src/Illuminate/Foundation/Http/Middleware/ConvertEmptyStringsToNull.php(31): Illuminate\\Foundation\\Http\\Middleware\\TransformsRequest->handle()
#49 /var/www/html/product/hrmgo/main/non-saas/main_file/vendor/laravel/framework/src/Illuminate/Pipeline/Pipeline.php(167): Illuminate\\Foundation\\Http\\Middleware\\ConvertEmptyStringsToNull->handle()
#50 /var/www/html/product/hrmgo/main/non-saas/main_file/vendor/laravel/framework/src/Illuminate/Foundation/Http/Middleware/TransformsRequest.php(21): Illuminate\\Pipeline\\Pipeline->Illuminate\\Pipeline\\{closure}()
#51 /var/www/html/product/hrmgo/main/non-saas/main_file/vendor/laravel/framework/src/Illuminate/Foundation/Http/Middleware/TrimStrings.php(40): Illuminate\\Foundation\\Http\\Middleware\\TransformsRequest->handle()
#52 /var/www/html/product/hrmgo/main/non-saas/main_file/vendor/laravel/framework/src/Illuminate/Pipeline/Pipeline.php(167): Illuminate\\Foundation\\Http\\Middleware\\TrimStrings->handle()
#53 /var/www/html/product/hrmgo/main/non-saas/main_file/vendor/laravel/framework/src/Illuminate/Foundation/Http/Middleware/ValidatePostSize.php(27): Illuminate\\Pipeline\\Pipeline->Illuminate\\Pipeline\\{closure}()
#54 /var/www/html/product/hrmgo/main/non-saas/main_file/vendor/laravel/framework/src/Illuminate/Pipeline/Pipeline.php(167): Illuminate\\Foundation\\Http\\Middleware\\ValidatePostSize->handle()
#55 /var/www/html/product/hrmgo/main/non-saas/main_file/vendor/laravel/framework/src/Illuminate/Foundation/Http/Middleware/PreventRequestsDuringMaintenance.php(86): Illuminate\\Pipeline\\Pipeline->Illuminate\\Pipeline\\{closure}()
#56 /var/www/html/product/hrmgo/main/non-saas/main_file/vendor/laravel/framework/src/Illuminate/Pipeline/Pipeline.php(167): Illuminate\\Foundation\\Http\\Middleware\\PreventRequestsDuringMaintenance->handle()
#57 /var/www/html/product/hrmgo/main/non-saas/main_file/vendor/fruitcake/laravel-cors/src/HandleCors.php(38): Illuminate\\Pipeline\\Pipeline->Illuminate\\Pipeline\\{closure}()
#58 /var/www/html/product/hrmgo/main/non-saas/main_file/vendor/laravel/framework/src/Illuminate/Pipeline/Pipeline.php(167): Fruitcake\\Cors\\HandleCors->handle()
#59 /var/www/html/product/hrmgo/main/non-saas/main_file/vendor/laravel/framework/src/Illuminate/Http/Middleware/TrustProxies.php(39): Illuminate\\Pipeline\\Pipeline->Illuminate\\Pipeline\\{closure}()
#60 /var/www/html/product/hrmgo/main/non-saas/main_file/vendor/laravel/framework/src/Illuminate/Pipeline/Pipeline.php(167): Illuminate\\Http\\Middleware\\TrustProxies->handle()
#61 /var/www/html/product/hrmgo/main/non-saas/main_file/vendor/laravel/framework/src/Illuminate/Pipeline/Pipeline.php(103): Illuminate\\Pipeline\\Pipeline->Illuminate\\Pipeline\\{closure}()
#62 /var/www/html/product/hrmgo/main/non-saas/main_file/vendor/laravel/framework/src/Illuminate/Foundation/Http/Kernel.php(141): Illuminate\\Pipeline\\Pipeline->then()
#63 /var/www/html/product/hrmgo/main/non-saas/main_file/vendor/laravel/framework/src/Illuminate/Foundation/Http/Kernel.php(110): Illuminate\\Foundation\\Http\\Kernel->sendRequestThroughRouter()
#64 /var/www/html/product/hrmgo/main/non-saas/main_file/public/index.php(52): Illuminate\\Foundation\\Http\\Kernel->handle()
#65 /var/www/html/product/hrmgo/main/non-saas/main_file/index.php(21): require_once('/var/www/html/p...')
#66 {main}
"} 
